<?xml version="1.0" encoding="UTF-8"?>
<!-- Generated by org.testng.reporters.JUnitReportReporter -->
<testsuite hostname="DESKTOP-UITE9RG" failures="0" tests="11" name="testCases.DemoPage" time="50.951" errors="0" timestamp="2021-11-08T09:03:55 SGT" skipped="0">
  <testcase classname="testCases.DemoPage" name="checkHeaderDesc" time="3.039"/>
  <system-out/>
  <testcase classname="testCases.DemoPage" name="checkMainTitle" time="3.036"/>
  <system-out/>
  <testcase classname="testCases.DemoPage" name="checkURL" time="0.010"/>
  <system-out/>
  <testcase classname="testCases.DemoPage" name="checkIntegrationLink" time="9.805"/>
  <system-out/>
  <testcase classname="testCases.DemoPage" name="checkPricingLink" time="10.298"/>
  <system-out/>
  <testcase classname="testCases.DemoPage" name="checkTitle" time="0.073"/>
  <system-out/>
  <testcase classname="testCases.DemoPage" name="checkSubTitle" time="0.039"/>
  <system-out/>
  <testcase classname="testCases.DemoPage" name="checkNavOption" time="6.010"/>
  <system-out/>
  <testcase classname="testCases.DemoPage" name="checkDemoLink" time="9.551"/>
  <system-out/>
  <testcase classname="testCases.DemoPage" name="checkRowofItems" time="6.044"/>
  <system-out/>
  <testcase classname="testCases.DemoPage" name="checkHeaderTitle" time="3.046"/>
  <system-out/>
</testsuite> <!-- testCases.DemoPage -->
