<?xml version="1.0" encoding="UTF-8"?>
<!-- Generated by org.testng.reporters.JUnitReportReporter -->
<testsuite hostname="DESKTOP-UITE9RG" failures="0" tests="21" name="testCases.DemoPage" time="228.715" errors="0" timestamp="2021-11-18T10:41:16 SGT" skipped="0">
  <testcase classname="testCases.DemoPage" name="checkForRequirementsUrl" time="13.521"/>
  <system-out/>
  <testcase classname="testCases.DemoPage" name="checkRowofItems" time="8.945"/>
  <system-out/>
  <testcase classname="testCases.DemoPage" name="countTabsForLogin" time="11.957"/>
  <system-out/>
  <testcase classname="testCases.DemoPage" name="checkLoginUrl" time="18.896"/>
  <system-out/>
  <testcase classname="testCases.DemoPage" name="checkTitle" time="3.064"/>
  <system-out/>
  <testcase classname="testCases.DemoPage" name="checkNavOption" time="8.962"/>
  <system-out/>
  <testcase classname="testCases.DemoPage" name="checkHeaderTitle" time="5.964"/>
  <system-out/>
  <testcase classname="testCases.DemoPage" name="checkDocTabUrl" time="18.188"/>
  <system-out/>
  <testcase classname="testCases.DemoPage" name="checkBlogUrl" time="18.103"/>
  <system-out/>
  <testcase classname="testCases.DemoPage" name="checkHeaderDesc" time="5.933"/>
  <system-out/>
  <testcase classname="testCases.DemoPage" name="checkForDesktopAppUrl" time="13.411"/>
  <system-out/>
  <testcase classname="testCases.DemoPage" name="checkDemoLink" time="12.589"/>
  <system-out/>
  <testcase classname="testCases.DemoPage" name="checkMainTitle" time="5.901"/>
  <system-out/>
  <testcase classname="testCases.DemoPage" name="checkIntegrationLink" time="12.649"/>
  <system-out/>
  <testcase classname="testCases.DemoPage" name="checkPricingLink" time="13.661"/>
  <system-out/>
  <testcase classname="testCases.DemoPage" name="countTabsForBlog" time="11.964"/>
  <system-out/>
  <testcase classname="testCases.DemoPage" name="countTabsForDocs" time="11.943"/>
  <system-out/>
  <testcase classname="testCases.DemoPage" name="checkForFeaturesUrl" time="12.519"/>
  <system-out/>
  <testcase classname="testCases.DemoPage" name="checkSubTitle" time="2.977"/>
  <system-out/>
  <testcase classname="testCases.DemoPage" name="checkForMobileAppUrl" time="14.711"/>
  <system-out/>
  <testcase classname="testCases.DemoPage" name="checkURL" time="2.857"/>
  <system-out/>
</testsuite> <!-- testCases.DemoPage -->
