<?xml version="1.0" encoding="UTF-8"?>
<!-- Generated by org.testng.reporters.JUnitReportReporter -->
<testsuite hostname="DESKTOP-UITE9RG" failures="0" tests="1" name="testCases.DemoPage" time="14.209" errors="0" timestamp="2021-11-26T08:24:16 SGT" skipped="0">
  <testcase classname="testCases.DemoPage" name="checkForContactUs" time="14.209"/>
  <system-out/>
</testsuite> <!-- testCases.DemoPage -->
