<?xml version="1.0" encoding="UTF-8"?>
<!-- Generated by org.testng.reporters.JUnitReportReporter -->
<testsuite hostname="DESKTOP-UITE9RG" failures="0" tests="3" name="testCases.DemoPage" time="0.091" errors="0" timestamp="2021-10-31T15:38:57 SGT" skipped="0">
  <testcase classname="testCases.DemoPage" name="checkURL" time="0.006"/>
  <system-out/>
  <testcase classname="testCases.DemoPage" name="checkTitle" time="0.034"/>
  <system-out/>
  <testcase classname="testCases.DemoPage" name="checkSubTitle" time="0.051"/>
  <system-out/>
</testsuite> <!-- testCases.DemoPage -->
