<?xml version="1.0" encoding="UTF-8"?>
<!-- Generated by org.testng.reporters.JUnitReportReporter -->
<testsuite hostname="DESKTOP-UITE9RG" failures="0" tests="14" name="testCases.DemoPage" time="85.743" errors="0" timestamp="2021-11-11T09:41:08 SGT" skipped="0">
  <testcase classname="testCases.DemoPage" name="checkHeaderDesc" time="3.044"/>
  <system-out/>
  <testcase classname="testCases.DemoPage" name="checkMainTitle" time="3.035"/>
  <system-out/>
  <testcase classname="testCases.DemoPage" name="checkHeaderTitle" time="3.061"/>
  <system-out/>
  <testcase classname="testCases.DemoPage" name="countTabsForDocs" time="9.151"/>
  <system-out/>
  <testcase classname="testCases.DemoPage" name="checkURL" time="0.014"/>
  <system-out/>
  <testcase classname="testCases.DemoPage" name="checkIntegrationLink" time="10.468"/>
  <system-out/>
  <testcase classname="testCases.DemoPage" name="checkRowofItems" time="6.061"/>
  <system-out/>
  <testcase classname="testCases.DemoPage" name="checkSubTitle" time="0.041"/>
  <system-out/>
  <testcase classname="testCases.DemoPage" name="checkTitle" time="0.094"/>
  <system-out/>
  <testcase classname="testCases.DemoPage" name="checkNavOption" time="6.022"/>
  <system-out/>
  <testcase classname="testCases.DemoPage" name="checkDocTabUrl" time="15.799"/>
  <system-out/>
  <testcase classname="testCases.DemoPage" name="countTabsForBlog" time="9.179"/>
  <system-out/>
  <testcase classname="testCases.DemoPage" name="checkDemoLink" time="9.666"/>
  <system-out/>
  <testcase classname="testCases.DemoPage" name="checkPricingLink" time="10.108"/>
  <system-out/>
</testsuite> <!-- testCases.DemoPage -->
