<?xml version="1.0" encoding="UTF-8"?>
<!-- Generated by org.testng.reporters.JUnitReportReporter -->
<testsuite hostname="DESKTOP-UITE9RG" failures="0" tests="17" name="testCases.DemoPage" time="178.707" errors="0" timestamp="2021-11-14T09:19:41 SGT" skipped="0">
  <testcase classname="testCases.DemoPage" name="countTabsForLogin" time="12.366"/>
  <system-out/>
  <testcase classname="testCases.DemoPage" name="checkHeaderTitle" time="6.136"/>
  <system-out/>
  <testcase classname="testCases.DemoPage" name="checkTitle" time="3.122"/>
  <system-out/>
  <testcase classname="testCases.DemoPage" name="checkURL" time="2.908"/>
  <system-out/>
  <testcase classname="testCases.DemoPage" name="checkNavOption" time="8.912"/>
  <system-out/>
  <testcase classname="testCases.DemoPage" name="checkIntegrationLink" time="14.644"/>
  <system-out/>
  <testcase classname="testCases.DemoPage" name="checkSubTitle" time="3.051"/>
  <system-out/>
  <testcase classname="testCases.DemoPage" name="checkHeaderDesc" time="5.961"/>
  <system-out/>
  <testcase classname="testCases.DemoPage" name="countTabsForDocs" time="12.092"/>
  <system-out/>
  <testcase classname="testCases.DemoPage" name="checkLoginUrl" time="18.939"/>
  <system-out/>
  <testcase classname="testCases.DemoPage" name="checkMainTitle" time="6.110"/>
  <system-out/>
  <testcase classname="testCases.DemoPage" name="countTabsForBlog" time="12.380"/>
  <system-out/>
  <testcase classname="testCases.DemoPage" name="checkDemoLink" time="12.911"/>
  <system-out/>
  <testcase classname="testCases.DemoPage" name="checkPricingLink" time="13.391"/>
  <system-out/>
  <testcase classname="testCases.DemoPage" name="checkBlogUrl" time="18.212"/>
  <system-out/>
  <testcase classname="testCases.DemoPage" name="checkRowofItems" time="9.221"/>
  <system-out/>
  <testcase classname="testCases.DemoPage" name="checkDocTabUrl" time="18.351"/>
  <system-out/>
</testsuite> <!-- testCases.DemoPage -->
