<?xml version="1.0" encoding="UTF-8"?>
<!-- Generated by org.testng.reporters.JUnitReportReporter -->
<testsuite hostname="DESKTOP-UITE9RG" failures="0" tests="20" name="testCases.DemoPage" time="216.091" errors="0" timestamp="2021-11-17T09:04:24 SGT" skipped="0">
  <testcase classname="testCases.DemoPage" name="checkMainTitle" time="5.830"/>
  <system-out/>
  <testcase classname="testCases.DemoPage" name="checkNavOption" time="9.121"/>
  <system-out/>
  <testcase classname="testCases.DemoPage" name="checkDemoLink" time="12.364"/>
  <system-out/>
  <testcase classname="testCases.DemoPage" name="checkBlogUrl" time="18.250"/>
  <system-out/>
  <testcase classname="testCases.DemoPage" name="checkHeaderDesc" time="6.501"/>
  <system-out/>
  <testcase classname="testCases.DemoPage" name="checkForMobileAppUrl" time="13.703"/>
  <system-out/>
  <testcase classname="testCases.DemoPage" name="countTabsForDocs" time="12.985"/>
  <system-out/>
  <testcase classname="testCases.DemoPage" name="checkURL" time="2.835"/>
  <system-out/>
  <testcase classname="testCases.DemoPage" name="checkDocTabUrl" time="18.182"/>
  <system-out/>
  <testcase classname="testCases.DemoPage" name="checkForDesktopAppUrl" time="12.500"/>
  <system-out/>
  <testcase classname="testCases.DemoPage" name="checkForFeaturesUrl" time="12.469"/>
  <system-out/>
  <testcase classname="testCases.DemoPage" name="checkPricingLink" time="13.465"/>
  <system-out/>
  <testcase classname="testCases.DemoPage" name="checkHeaderTitle" time="5.923"/>
  <system-out/>
  <testcase classname="testCases.DemoPage" name="checkSubTitle" time="3.148"/>
  <system-out/>
  <testcase classname="testCases.DemoPage" name="checkRowofItems" time="9.517"/>
  <system-out/>
  <testcase classname="testCases.DemoPage" name="checkTitle" time="2.878"/>
  <system-out/>
  <testcase classname="testCases.DemoPage" name="countTabsForLogin" time="11.943"/>
  <system-out/>
  <testcase classname="testCases.DemoPage" name="checkLoginUrl" time="19.425"/>
  <system-out/>
  <testcase classname="testCases.DemoPage" name="countTabsForBlog" time="11.873"/>
  <system-out/>
  <testcase classname="testCases.DemoPage" name="checkIntegrationLink" time="13.179"/>
  <system-out/>
</testsuite> <!-- testCases.DemoPage -->
