<?xml version="1.0" encoding="UTF-8"?>
<!-- Generated by org.testng.reporters.JUnitReportReporter -->
<testsuite hostname="DESKTOP-UITE9RG" failures="0" tests="7" name="testCases.DemoPage" time="15.251" errors="0" timestamp="2021-11-04T12:43:02 SGT" skipped="0">
  <testcase classname="testCases.DemoPage" name="checkTitle" time="0.047"/>
  <system-out/>
  <testcase classname="testCases.DemoPage" name="checkHeaderDesc" time="3.080"/>
  <system-out/>
  <testcase classname="testCases.DemoPage" name="checkHeaderTitle" time="3.034"/>
  <system-out/>
  <testcase classname="testCases.DemoPage" name="checkNavOption" time="6.012"/>
  <system-out/>
  <testcase classname="testCases.DemoPage" name="checkMainTitle" time="3.047"/>
  <system-out/>
  <testcase classname="testCases.DemoPage" name="checkURL" time="0.000"/>
  <system-out/>
  <testcase classname="testCases.DemoPage" name="checkSubTitle" time="0.031"/>
  <system-out/>
</testsuite> <!-- testCases.DemoPage -->
