<?xml version="1.0" encoding="UTF-8"?>
<!-- Generated by org.testng.reporters.JUnitReportReporter -->
<testsuite hostname="DESKTOP-UITE9RG" failures="0" tests="5" name="testCases.DemoPage" time="6.238" errors="0" timestamp="2021-11-02T09:25:41 SGT" skipped="0">
  <testcase classname="testCases.DemoPage" name="checkURL" time="0.017"/>
  <system-out/>
  <testcase classname="testCases.DemoPage" name="checkHeaderDesc" time="3.096"/>
  <system-out/>
  <testcase classname="testCases.DemoPage" name="checkHeaderTitle" time="3.050"/>
  <system-out/>
  <testcase classname="testCases.DemoPage" name="checkTitle" time="0.037"/>
  <system-out/>
  <testcase classname="testCases.DemoPage" name="checkSubTitle" time="0.038"/>
  <system-out/>
</testsuite> <!-- testCases.DemoPage -->
