<?xml version="1.0" encoding="UTF-8"?>
<!-- Generated by org.testng.reporters.JUnitReportReporter -->
<testsuite hostname="DESKTOP-UITE9RG" failures="0" tests="1" name="testCases.MainFeaturesPage" time="21.618" errors="0" timestamp="2022-05-14T22:13:21 SGT" skipped="0">
  <testcase classname="testCases.MainFeaturesPage" name="clickDemoWillRouteToDemoPage" time="21.618"/>
  <system-out/>
</testsuite> <!-- testCases.MainFeaturesPage -->
