<?xml version="1.0" encoding="UTF-8"?>
<!-- Generated by org.testng.reporters.JUnitReportReporter -->
<testsuite hostname="DESKTOP-UITE9RG" failures="0" tests="1" name="testCases.Integration" time="6.204" errors="0" timestamp="2022-02-22T08:14:28 SGT" skipped="0">
  <testcase classname="testCases.Integration" name="checkTitleData" time="6.204"/>
  <system-out/>
</testsuite> <!-- testCases.Integration -->
