<?xml version="1.0" encoding="UTF-8"?>
<!-- Generated by org.testng.reporters.JUnitReportReporter -->
<testsuite hostname="DESKTOP-UITE9RG" failures="0" tests="1" name="testCases.DemoPage" time="13.454" errors="0" timestamp="2021-11-23T07:53:03 SGT" skipped="0">
  <testcase classname="testCases.DemoPage" name="checkForAffiliateLink" time="13.454"/>
  <system-out/>
</testsuite> <!-- testCases.DemoPage -->
