<?xml version="1.0" encoding="UTF-8"?>
<!-- Generated by org.testng.reporters.JUnitReportReporter -->
<testsuite hostname="DESKTOP-UITE9RG" failures="0" tests="1" name="testCases.ProductServices" time="18.828" errors="0" timestamp="2022-03-16T07:30:42 SGT" skipped="0">
  <testcase classname="testCases.ProductServices" name="checkTheLinkForJsonAPI" time="18.828"/>
  <system-out/>
</testsuite> <!-- testCases.ProductServices -->
