<?xml version="1.0" encoding="UTF-8"?>
<!-- Generated by org.testng.reporters.JUnitReportReporter -->
<testsuite hostname="DESKTOP-UITE9RG" failures="0" tests="1" name="testCases.DemoPage" time="12.840" errors="0" timestamp="2021-12-01T08:17:35 SGT" skipped="0">
  <testcase classname="testCases.DemoPage" name="countTabsForLiveChat" time="12.840"/>
  <system-out/>
</testsuite> <!-- testCases.DemoPage -->
