<?xml version="1.0" encoding="UTF-8"?>
<!-- Generated by org.testng.reporters.JUnitReportReporter -->
<testsuite hostname="DESKTOP-UITE9RG" failures="0" tests="21" name="testCases.HotelsModuleFeaturesPage" time="212.749" errors="0" timestamp="2022-06-04T15:06:49 SGT" skipped="0">
  <testcase classname="testCases.HotelsModuleFeaturesPage" name="checkFullCalendarDisplayed" time="5.969"/>
  <system-out/>
  <testcase classname="testCases.HotelsModuleFeaturesPage" name="checkNumberOfFeatures" time="8.708"/>
  <system-out/>
  <testcase classname="testCases.HotelsModuleFeaturesPage" name="checkHotelsBookingModuleDescriptionCorrectly" time="5.877"/>
  <system-out/>
  <testcase classname="testCases.HotelsModuleFeaturesPage" name="checkTitleDisplayed" time="5.368"/>
  <system-out/>
  <testcase classname="testCases.HotelsModuleFeaturesPage" name="checkEachImageOfFeaturesDisplayed" time="34.379"/>
  <system-out/>
  <testcase classname="testCases.HotelsModuleFeaturesPage" name="checkEacTitleOfFeaturesDisplayed" time="33.653"/>
  <system-out/>
  <testcase classname="testCases.HotelsModuleFeaturesPage" name="checkHotelsBookingModuleCorrectly" time="5.962"/>
  <system-out/>
  <testcase classname="testCases.HotelsModuleFeaturesPage" name="checkHotelsBookingModuleImageDisplayed" time="7.507"/>
  <system-out/>
  <testcase classname="testCases.HotelsModuleFeaturesPage" name="checkMainFeaturesTitleCorrectly" time="5.463"/>
  <system-out/>
  <testcase classname="testCases.HotelsModuleFeaturesPage" name="checkTitleDescriptionCorrectly" time="6.608"/>
  <system-out/>
  <testcase classname="testCases.HotelsModuleFeaturesPage" name="checkURL" time="5.779"/>
  <system-out/>
  <testcase classname="testCases.HotelsModuleFeaturesPage" name="checkFullCalendarDescriptionDisplayed" time="5.818"/>
  <system-out/>
  <testcase classname="testCases.HotelsModuleFeaturesPage" name="checkHotelsBookingModuleDescriptionDisplayed" time="6.574"/>
  <system-out/>
  <testcase classname="testCases.HotelsModuleFeaturesPage" name="checkTitleCorrectly" time="6.094"/>
  <system-out/>
  <testcase classname="testCases.HotelsModuleFeaturesPage" name="checkFullCalendarCorrectly" time="6.951"/>
  <system-out/>
  <testcase classname="testCases.HotelsModuleFeaturesPage" name="checkTitleDescriptionDisplayed" time="5.839"/>
  <system-out/>
  <testcase classname="testCases.HotelsModuleFeaturesPage" name="checkMainFeaturesTitleDisplayed" time="5.237"/>
  <system-out/>
  <testcase classname="testCases.HotelsModuleFeaturesPage" name="checkFullCalendarDescriptionCorrectly" time="5.977"/>
  <system-out/>
  <testcase classname="testCases.HotelsModuleFeaturesPage" name="checkFullCalendarImageDisplayed" time="5.862"/>
  <system-out/>
  <testcase classname="testCases.HotelsModuleFeaturesPage" name="checkHotelsBookingModuleDisplayed" time="5.690"/>
  <system-out/>
  <testcase classname="testCases.HotelsModuleFeaturesPage" name="checkEacTitleOfFeaturesCorrectly" time="33.434"/>
  <system-out/>
</testsuite> <!-- testCases.HotelsModuleFeaturesPage -->
