<?xml version="1.0" encoding="UTF-8"?>
<!-- Generated by org.testng.reporters.JUnitReportReporter -->
<testsuite hostname="DESKTOP-UITE9RG" failures="0" tests="1" name="testCases.DemoPage" time="14.947" errors="0" timestamp="2021-11-19T09:14:23 SGT" skipped="0">
  <testcase classname="testCases.DemoPage" name="checkForTechnologyUrl" time="14.947"/>
  <system-out/>
</testsuite> <!-- testCases.DemoPage -->
