<?xml version="1.0" encoding="UTF-8"?>
<!-- Generated by org.testng.reporters.JUnitReportReporter -->
<testsuite hostname="DESKTOP-UITE9RG" failures="0" tests="12" name="testCases.DemoPage" time="60.212" errors="0" timestamp="2021-11-09T08:57:08 SGT" skipped="0">
  <testcase classname="testCases.DemoPage" name="checkSubTitle" time="0.036"/>
  <system-out/>
  <testcase classname="testCases.DemoPage" name="checkHeaderTitle" time="3.052"/>
  <system-out/>
  <testcase classname="testCases.DemoPage" name="checkHeaderDesc" time="3.046"/>
  <system-out/>
  <testcase classname="testCases.DemoPage" name="checkURL" time="0.009"/>
  <system-out/>
  <testcase classname="testCases.DemoPage" name="checkPricingLink" time="10.032"/>
  <system-out/>
  <testcase classname="testCases.DemoPage" name="checkMainTitle" time="3.042"/>
  <system-out/>
  <testcase classname="testCases.DemoPage" name="countTabsForDocs" time="9.118"/>
  <system-out/>
  <testcase classname="testCases.DemoPage" name="checkIntegrationLink" time="9.996"/>
  <system-out/>
  <testcase classname="testCases.DemoPage" name="checkTitle" time="0.050"/>
  <system-out/>
  <testcase classname="testCases.DemoPage" name="checkRowofItems" time="6.051"/>
  <system-out/>
  <testcase classname="testCases.DemoPage" name="checkNavOption" time="6.014"/>
  <system-out/>
  <testcase classname="testCases.DemoPage" name="checkDemoLink" time="9.766"/>
  <system-out/>
</testsuite> <!-- testCases.DemoPage -->
