<?xml version="1.0" encoding="UTF-8"?>
<!-- Generated by org.testng.reporters.JUnitReportReporter -->
<testsuite hostname="DESKTOP-UITE9RG" failures="0" tests="15" name="testCases.DemoPage" time="100.586" errors="0" timestamp="2021-11-12T09:04:42 SGT" skipped="0">
  <testcase classname="testCases.DemoPage" name="checkSubTitle" time="0.035"/>
  <system-out/>
  <testcase classname="testCases.DemoPage" name="checkTitle" time="0.080"/>
  <system-out/>
  <testcase classname="testCases.DemoPage" name="checkMainTitle" time="3.041"/>
  <system-out/>
  <testcase classname="testCases.DemoPage" name="countTabsForBlog" time="9.176"/>
  <system-out/>
  <testcase classname="testCases.DemoPage" name="countTabsForDocs" time="9.137"/>
  <system-out/>
  <testcase classname="testCases.DemoPage" name="checkDocTabUrl" time="15.757"/>
  <system-out/>
  <testcase classname="testCases.DemoPage" name="checkRowofItems" time="6.048"/>
  <system-out/>
  <testcase classname="testCases.DemoPage" name="checkHeaderDesc" time="3.048"/>
  <system-out/>
  <testcase classname="testCases.DemoPage" name="checkIntegrationLink" time="10.032"/>
  <system-out/>
  <testcase classname="testCases.DemoPage" name="checkPricingLink" time="10.156"/>
  <system-out/>
  <testcase classname="testCases.DemoPage" name="checkHeaderTitle" time="3.065"/>
  <system-out/>
  <testcase classname="testCases.DemoPage" name="checkURL" time="0.009"/>
  <system-out/>
  <testcase classname="testCases.DemoPage" name="checkBlogUrl" time="15.365"/>
  <system-out/>
  <testcase classname="testCases.DemoPage" name="checkDemoLink" time="9.617"/>
  <system-out/>
  <testcase classname="testCases.DemoPage" name="checkNavOption" time="6.020"/>
  <system-out/>
</testsuite> <!-- testCases.DemoPage -->
