<?xml version="1.0" encoding="UTF-8"?>
<!-- Generated by org.testng.reporters.JUnitReportReporter -->
<testsuite hostname="DESKTOP-UITE9RG" failures="0" tests="1" name="testCases.DemoPage" time="12.885" errors="0" timestamp="2021-11-27T09:31:25 SGT" skipped="0">
  <testcase classname="testCases.DemoPage" name="checkForJobsLink" time="12.885"/>
  <system-out/>
</testsuite> <!-- testCases.DemoPage -->
