<?xml version="1.0" encoding="UTF-8"?>
<!-- Generated by org.testng.reporters.JUnitReportReporter -->
<testsuite hostname="DESKTOP-UITE9RG" failures="0" tests="1" name="testCases.DemoPage" time="15.796" errors="0" timestamp="2021-11-20T07:00:02 SGT" skipped="0">
  <testcase classname="testCases.DemoPage" name="checkForChangeLogUrl" time="15.796"/>
  <system-out/>
</testsuite> <!-- testCases.DemoPage -->
