<?xml version="1.0" encoding="UTF-8"?>
<!-- Generated by org.testng.reporters.JUnitReportReporter -->
<testsuite hostname="DESKTOP-UITE9RG" failures="0" tests="1" name="testCases.DemoPage" time="114.170" errors="0" timestamp="2021-11-21T10:53:47 SGT" skipped="0">
  <testcase classname="testCases.DemoPage" name="checkForUpdatesLink" time="114.170"/>
  <system-out/>
</testsuite> <!-- testCases.DemoPage -->
