<?xml version="1.0" encoding="UTF-8"?>
<!-- Generated by org.testng.reporters.JUnitReportReporter -->
<testsuite hostname="DESKTOP-UITE9RG" failures="0" tests="2" name="testCases.DemoPage" time="0.098" errors="0" timestamp="2021-10-30T13:05:13 SGT" skipped="0">
  <testcase classname="testCases.DemoPage" name="checkURL" time="0.008"/>
  <system-out/>
  <testcase classname="testCases.DemoPage" name="checkTitle" time="0.090"/>
  <system-out/>
</testsuite> <!-- testCases.DemoPage -->
