<?xml version="1.0" encoding="UTF-8"?>
<!-- Generated by org.testng.reporters.JUnitReportReporter -->
<testsuite hostname="DESKTOP-UITE9RG" failures="0" tests="1" name="testCases.DemoPage" time="13.735" errors="0" timestamp="2021-12-03T08:14:51 SGT" skipped="0">
  <testcase classname="testCases.DemoPage" name="getContentProgramUrl" time="13.735"/>
  <system-out/>
</testsuite> <!-- testCases.DemoPage -->
