<?xml version="1.0" encoding="UTF-8"?>
<!-- Generated by org.testng.reporters.JUnitReportReporter -->
<testsuite hostname="DESKTOP-UITE9RG" failures="0" tests="1" name="testCases.DemoPage" time="14.511" errors="0" timestamp="2021-11-25T08:39:08 SGT" skipped="0">
  <testcase classname="testCases.DemoPage" name="checkForAboutUsLink" time="14.511"/>
  <system-out/>
</testsuite> <!-- testCases.DemoPage -->
