<?xml version="1.0" encoding="UTF-8"?>
<!-- Generated by org.testng.reporters.JUnitReportReporter -->
<testsuite hostname="DESKTOP-UITE9RG" failures="0" tests="16" name="testCases.DemoPage" time="156.546" errors="1" timestamp="2021-11-13T09:38:12 SGT" skipped="0">
  <testcase classname="testCases.DemoPage" name="checkNavOption" time="9.090"/>
  <system-out/>
  <testcase classname="testCases.DemoPage" name="checkTitle" time="3.190"/>
  <system-out/>
  <testcase classname="testCases.DemoPage" name="checkHeaderDesc" time="6.572"/>
  <system-out/>
  <testcase classname="testCases.DemoPage" name="countTabsForDocs" time="12.006"/>
  <system-out/>
  <testcase classname="testCases.DemoPage" name="checkRowofItems" time="8.877"/>
  <system-out/>
  <testcase classname="testCases.DemoPage" name="checkDemoLink" time="13.455"/>
  <system-out/>
  <testcase classname="testCases.DemoPage" name="checkIntegrationLink" time="13.400"/>
  <system-out/>
  <testcase classname="testCases.DemoPage" name="checkMainTitle" time="5.843"/>
  <system-out/>
  <testcase classname="testCases.DemoPage" name="checkURL" time="3.196"/>
  <system-out/>
  <testcase classname="testCases.DemoPage" name="checkPricingLink" time="14.289"/>
  <system-out/>
  <testcase classname="testCases.DemoPage" name="checkDocTabUrl" time="15.429">
    <error message="Index 1 out of bounds for length 1" type="java.lang.IndexOutOfBoundsException">
      <![CDATA[java.lang.IndexOutOfBoundsException: Index 1 out of bounds for length 1
at java.base/jdk.internal.util.Preconditions.outOfBounds(Preconditions.java:64)
at java.base/jdk.internal.util.Preconditions.outOfBoundsCheckIndex(Preconditions.java:70)
at java.base/jdk.internal.util.Preconditions.checkIndex(Preconditions.java:248)
at java.base/java.util.Objects.checkIndex(Objects.java:372)
at java.base/java.util.ArrayList.get(ArrayList.java:459)
at helper.available.switchTab(available.java:37)
at testCases.DemoPage.checkDocTabUrl(DemoPage.java:190)
at java.base/jdk.internal.reflect.NativeMethodAccessorImpl.invoke0(Native Method)
at java.base/jdk.internal.reflect.NativeMethodAccessorImpl.invoke(NativeMethodAccessorImpl.java:62)
at java.base/jdk.internal.reflect.DelegatingMethodAccessorImpl.invoke(DelegatingMethodAccessorImpl.java:43)
at java.base/java.lang.reflect.Method.invoke(Method.java:566)
at org.testng.internal.MethodInvocationHelper.invokeMethod(MethodInvocationHelper.java:133)
at org.testng.internal.TestInvoker.invokeMethod(TestInvoker.java:598)
at org.testng.internal.TestInvoker.invokeTestMethod(TestInvoker.java:173)
at org.testng.internal.MethodRunner.runInSequence(MethodRunner.java:46)
at org.testng.internal.TestInvoker$MethodInvocationAgent.invoke(TestInvoker.java:824)
at org.testng.internal.TestInvoker.invokeTestMethods(TestInvoker.java:146)
at org.testng.internal.TestMethodWorker.invokeTestMethods(TestMethodWorker.java:146)
at org.testng.internal.TestMethodWorker.run(TestMethodWorker.java:128)
at java.base/java.util.ArrayList.forEach(ArrayList.java:1541)
at org.testng.TestRunner.privateRun(TestRunner.java:794)
at org.testng.TestRunner.run(TestRunner.java:596)
at org.testng.SuiteRunner.runTest(SuiteRunner.java:377)
at org.testng.SuiteRunner.runSequentially(SuiteRunner.java:371)
at org.testng.SuiteRunner.privateRun(SuiteRunner.java:332)
at org.testng.SuiteRunner.run(SuiteRunner.java:276)
at org.testng.SuiteRunnerWorker.runSuite(SuiteRunnerWorker.java:53)
at org.testng.SuiteRunnerWorker.run(SuiteRunnerWorker.java:96)
at org.testng.TestNG.runSuitesSequentially(TestNG.java:1212)
at org.testng.TestNG.runSuitesLocally(TestNG.java:1134)
at org.testng.TestNG.runSuites(TestNG.java:1063)
at org.testng.TestNG.run(TestNG.java:1031)
at com.intellij.rt.testng.IDEARemoteTestNG.run(IDEARemoteTestNG.java:66)
at com.intellij.rt.testng.RemoteTestNGStarter.main(RemoteTestNGStarter.java:109)
]]>
    </error>
  </testcase> <!-- checkDocTabUrl -->
  <system-out/>
  <testcase classname="testCases.DemoPage" name="checkSubTitle" time="2.885"/>
  <system-out/>
  <testcase classname="testCases.DemoPage" name="countTabsForBlog" time="11.958"/>
  <system-out/>
  <testcase classname="testCases.DemoPage" name="countTabsForLogin" time="12.024"/>
  <system-out/>
  <testcase classname="testCases.DemoPage" name="checkHeaderTitle" time="6.100"/>
  <system-out/>
  <testcase classname="testCases.DemoPage" name="checkBlogUrl" time="18.232"/>
  <system-out/>
</testsuite> <!-- testCases.DemoPage -->
