<?xml version="1.0" encoding="UTF-8"?>
<!-- Generated by org.testng.reporters.JUnitReportReporter -->
<testsuite hostname="DESKTOP-UITE9RG" failures="0" tests="4" name="testCases.DemoPage" time="3.149" errors="0" timestamp="2021-11-01T09:21:48 SGT" skipped="0">
  <testcase classname="testCases.DemoPage" name="checkHeaderTitle" time="3.083"/>
  <system-out/>
  <testcase classname="testCases.DemoPage" name="checkTitle" time="0.032"/>
  <system-out/>
  <testcase classname="testCases.DemoPage" name="checkURL" time="0.006"/>
  <system-out/>
  <testcase classname="testCases.DemoPage" name="checkSubTitle" time="0.028"/>
  <system-out/>
</testsuite> <!-- testCases.DemoPage -->
