<?xml version="1.0" encoding="UTF-8"?>
<!-- Generated by org.testng.reporters.JUnitReportReporter -->
<testsuite hostname="DESKTOP-UITE9RG" failures="0" tests="10" name="testCases.DemoPage" time="41.040" errors="0" timestamp="2021-11-07T09:56:34 SGT" skipped="0">
  <testcase classname="testCases.DemoPage" name="checkRowofItems" time="6.048"/>
  <system-out/>
  <testcase classname="testCases.DemoPage" name="checkDemoLink" time="9.689"/>
  <system-out/>
  <testcase classname="testCases.DemoPage" name="checkTitle" time="0.045"/>
  <system-out/>
  <testcase classname="testCases.DemoPage" name="checkHeaderDesc" time="3.035"/>
  <system-out/>
  <testcase classname="testCases.DemoPage" name="checkHeaderTitle" time="3.054"/>
  <system-out/>
  <testcase classname="testCases.DemoPage" name="checkPricingLink" time="10.058"/>
  <system-out/>
  <testcase classname="testCases.DemoPage" name="checkURL" time="0.010"/>
  <system-out/>
  <testcase classname="testCases.DemoPage" name="checkNavOption" time="6.020"/>
  <system-out/>
  <testcase classname="testCases.DemoPage" name="checkMainTitle" time="3.053"/>
  <system-out/>
  <testcase classname="testCases.DemoPage" name="checkSubTitle" time="0.028"/>
  <system-out/>
</testsuite> <!-- testCases.DemoPage -->
