<?xml version="1.0" encoding="UTF-8"?>
<!-- Generated by org.testng.reporters.JUnitReportReporter -->
<testsuite hostname="DESKTOP-UITE9RG" failures="0" tests="1" name="testCases.DemoPage" time="13.913" errors="0" timestamp="2021-11-30T07:40:48 SGT" skipped="0">
  <testcase classname="testCases.DemoPage" name="getPrivacyPolicy" time="13.913"/>
  <system-out/>
</testsuite> <!-- testCases.DemoPage -->
