<?xml version="1.0" encoding="UTF-8"?>
<!-- Generated by org.testng.reporters.JUnitReportReporter -->
<testsuite hostname="DESKTOP-UITE9RG" failures="0" tests="1" name="testCases.DemoPage" time="19.191" errors="0" timestamp="2021-12-02T08:09:28 SGT" skipped="0">
  <testcase classname="testCases.DemoPage" name="checkLiveChatUrl" time="19.191"/>
  <system-out/>
</testsuite> <!-- testCases.DemoPage -->
