<?xml version="1.0" encoding="UTF-8"?>
<!-- Generated by org.testng.reporters.JUnitReportReporter -->
<testsuite hostname="DESKTOP-UITE9RG" failures="0" tests="6" name="testCases.DemoPage" time="9.254" errors="0" timestamp="2021-11-03T09:30:31 SGT" skipped="0">
  <testcase classname="testCases.DemoPage" name="checkURL" time="0.000"/>
  <system-out/>
  <testcase classname="testCases.DemoPage" name="checkHeaderTitle" time="3.041"/>
  <system-out/>
  <testcase classname="testCases.DemoPage" name="checkSubTitle" time="0.032"/>
  <system-out/>
  <testcase classname="testCases.DemoPage" name="checkHeaderDesc" time="3.106"/>
  <system-out/>
  <testcase classname="testCases.DemoPage" name="checkMainTitle" time="3.044"/>
  <system-out/>
  <testcase classname="testCases.DemoPage" name="checkTitle" time="0.031"/>
  <system-out/>
</testsuite> <!-- testCases.DemoPage -->
