<?xml version="1.0" encoding="UTF-8"?>
<!-- Generated by org.testng.reporters.JUnitReportReporter -->
<testsuite hostname="DESKTOP-UITE9RG" failures="0" tests="13" name="testCases.DemoPage" time="77.289" errors="0" timestamp="2021-11-10T09:12:04 SGT" skipped="0">
  <testcase classname="testCases.DemoPage" name="checkSubTitle" time="0.027"/>
  <system-out/>
  <testcase classname="testCases.DemoPage" name="checkMainTitle" time="3.040"/>
  <system-out/>
  <testcase classname="testCases.DemoPage" name="checkPricingLink" time="10.185"/>
  <system-out/>
  <testcase classname="testCases.DemoPage" name="checkDocTabUrl" time="16.587"/>
  <system-out/>
  <testcase classname="testCases.DemoPage" name="checkNavOption" time="6.021"/>
  <system-out/>
  <testcase classname="testCases.DemoPage" name="checkIntegrationLink" time="10.377"/>
  <system-out/>
  <testcase classname="testCases.DemoPage" name="checkHeaderTitle" time="3.043"/>
  <system-out/>
  <testcase classname="testCases.DemoPage" name="checkHeaderDesc" time="3.033"/>
  <system-out/>
  <testcase classname="testCases.DemoPage" name="checkRowofItems" time="6.057"/>
  <system-out/>
  <testcase classname="testCases.DemoPage" name="checkTitle" time="0.057"/>
  <system-out/>
  <testcase classname="testCases.DemoPage" name="countTabsForDocs" time="9.146"/>
  <system-out/>
  <testcase classname="testCases.DemoPage" name="checkDemoLink" time="9.708"/>
  <system-out/>
  <testcase classname="testCases.DemoPage" name="checkURL" time="0.008"/>
  <system-out/>
</testsuite> <!-- testCases.DemoPage -->
