<?xml version="1.0" encoding="UTF-8"?>
<!-- Generated by org.testng.reporters.JUnitReportReporter -->
<testsuite hostname="DESKTOP-UITE9RG" failures="0" tests="9" name="testCases.DemoPage" time="31.063" errors="0" timestamp="2021-11-06T09:27:45 SGT" skipped="0">
  <testcase classname="testCases.DemoPage" name="checkHeaderDesc" time="3.061"/>
  <system-out/>
  <testcase classname="testCases.DemoPage" name="checkRowofItems" time="6.055"/>
  <system-out/>
  <testcase classname="testCases.DemoPage" name="checkTitle" time="0.031"/>
  <system-out/>
  <testcase classname="testCases.DemoPage" name="checkMainTitle" time="3.056"/>
  <system-out/>
  <testcase classname="testCases.DemoPage" name="checkHeaderTitle" time="3.040"/>
  <system-out/>
  <testcase classname="testCases.DemoPage" name="checkDemoLink" time="9.778"/>
  <system-out/>
  <testcase classname="testCases.DemoPage" name="checkNavOption" time="6.011"/>
  <system-out/>
  <testcase classname="testCases.DemoPage" name="checkSubTitle" time="0.031"/>
  <system-out/>
  <testcase classname="testCases.DemoPage" name="checkURL" time="0.000"/>
  <system-out/>
</testsuite> <!-- testCases.DemoPage -->
