<?xml version="1.0" encoding="UTF-8"?>
<!-- Generated by org.testng.reporters.JUnitReportReporter -->
<testsuite hostname="DESKTOP-UITE9RG" failures="0" tests="1" name="testCases.DemoPage" time="15.825" errors="0" timestamp="2021-12-04T08:59:10 SGT" skipped="0">
  <testcase classname="testCases.DemoPage" name="getChatUrl" time="15.825"/>
  <system-out/>
</testsuite> <!-- testCases.DemoPage -->
