<?xml version="1.0" encoding="UTF-8"?>
<!-- Generated by org.testng.reporters.JUnitReportReporter -->
<testsuite hostname="DESKTOP-UITE9RG" failures="0" tests="1" name="testCases.Order" time="14.942" errors="0" timestamp="2021-12-13T09:38:55 SGT" skipped="0">
  <testcase classname="testCases.Order" name="checkDefaultDataDisplayed" time="14.942"/>
  <system-out/>
</testsuite> <!-- testCases.Order -->
