<?xml version="1.0" encoding="UTF-8"?>
<!-- Generated by org.testng.reporters.JUnitReportReporter -->
<testsuite hostname="DESKTOP-UITE9RG" failures="0" tests="19" name="testCases.DemoPage" time="200.194" errors="0" timestamp="2021-11-16T08:57:20 SGT" skipped="0">
  <testcase classname="testCases.DemoPage" name="checkDocTabUrl" time="18.027"/>
  <system-out/>
  <testcase classname="testCases.DemoPage" name="checkLoginUrl" time="18.759"/>
  <system-out/>
  <testcase classname="testCases.DemoPage" name="checkHeaderTitle" time="5.789"/>
  <system-out/>
  <testcase classname="testCases.DemoPage" name="checkForMobileAppUrl" time="13.409"/>
  <system-out/>
  <testcase classname="testCases.DemoPage" name="checkPricingLink" time="12.912"/>
  <system-out/>
  <testcase classname="testCases.DemoPage" name="countTabsForLogin" time="11.852"/>
  <system-out/>
  <testcase classname="testCases.DemoPage" name="checkTitle" time="2.950"/>
  <system-out/>
  <testcase classname="testCases.DemoPage" name="countTabsForBlog" time="11.882"/>
  <system-out/>
  <testcase classname="testCases.DemoPage" name="checkSubTitle" time="2.883"/>
  <system-out/>
  <testcase classname="testCases.DemoPage" name="checkDemoLink" time="12.521"/>
  <system-out/>
  <testcase classname="testCases.DemoPage" name="checkNavOption" time="8.878"/>
  <system-out/>
  <testcase classname="testCases.DemoPage" name="checkURL" time="2.786"/>
  <system-out/>
  <testcase classname="testCases.DemoPage" name="checkMainTitle" time="6.417"/>
  <system-out/>
  <testcase classname="testCases.DemoPage" name="checkForDesktopAppUrl" time="12.635"/>
  <system-out/>
  <testcase classname="testCases.DemoPage" name="countTabsForDocs" time="11.803"/>
  <system-out/>
  <testcase classname="testCases.DemoPage" name="checkRowofItems" time="8.809"/>
  <system-out/>
  <testcase classname="testCases.DemoPage" name="checkIntegrationLink" time="14.114"/>
  <system-out/>
  <testcase classname="testCases.DemoPage" name="checkBlogUrl" time="17.984"/>
  <system-out/>
  <testcase classname="testCases.DemoPage" name="checkHeaderDesc" time="5.784"/>
  <system-out/>
</testsuite> <!-- testCases.DemoPage -->
