<?xml version="1.0" encoding="UTF-8"?>
<!-- Generated by org.testng.reporters.JUnitReportReporter -->
<testsuite hostname="DESKTOP-UITE9RG" failures="0" tests="1" name="testCases.DemoPage" time="15.201" errors="0" timestamp="2021-11-22T08:26:30 SGT" skipped="0">
  <testcase classname="testCases.DemoPage" name="checkForProvidersLink" time="15.201"/>
  <system-out/>
</testsuite> <!-- testCases.DemoPage -->
